2018-07-02 14:42:01,624 myimage.py [line:57] image INFO 图片信息获取成功
2018-07-02 14:42:19,628 myimage.py [line:57] image INFO 图片信息获取成功
2018-07-02 15:08:00,948 myimage.py [line:58] image INFO 图片信息获取成功
2018-07-02 15:08:48,467 myimage.py [line:58] image INFO 图片信息获取成功
2018-07-02 15:11:57,960 myimage.py [line:58] image INFO 图片信息获取成功
2018-07-02 15:12:15,182 myimage.py [line:58] image INFO 图片信息获取成功
2018-07-02 15:13:33,397 myimage.py [line:58] image INFO 图片信息获取成功
2018-07-02 21:15:15,020 myimage.py [line:59] image INFO 图片信息获取成功
2018-07-02 23:04:40,184 myimage.py [line:83] image INFO 图片信息获取成功
2018-07-02 23:04:40,346 myimage.py [line:94] image INFO 图片信息导出成功，在db文件下
2018-07-02 23:04:57,511 myimage.py [line:83] image INFO 图片信息获取成功
2018-07-02 23:21:23,768 myimage.py [line:142] image INFO 缩略图片成功
2018-07-02 23:21:56,289 myimage.py [line:141] image INFO 缩略图片成功
2018-07-02 23:25:16,991 myimage.py [line:141] image INFO 缩略图片成功
2018-07-02 23:25:17,029 myimage.py [line:141] image INFO 缩略图片成功
2018-07-02 23:25:17,134 myimage.py [line:141] image INFO 缩略图片成功
2018-07-02 23:25:17,168 myimage.py [line:141] image INFO 缩略图片成功
2018-07-02 23:25:17,177 myimage.py [line:141] image INFO 缩略图片成功
2018-07-02 23:25:17,199 myimage.py [line:141] image INFO 缩略图片成功
2018-07-02 23:25:17,210 myimage.py [line:141] image INFO 缩略图片成功
2018-07-02 23:25:17,245 myimage.py [line:141] image INFO 缩略图片成功
2018-07-02 23:25:17,252 myimage.py [line:141] image INFO 缩略图片成功
2018-07-02 23:25:17,273 myimage.py [line:141] image INFO 缩略图片成功
2018-07-02 23:25:17,317 myimage.py [line:141] image INFO 缩略图片成功
2018-07-02 23:25:47,384 myimage.py [line:141] image INFO 缩略图片成功
2018-07-02 23:25:47,418 myimage.py [line:141] image INFO 缩略图片成功
2018-07-02 23:25:47,431 myimage.py [line:141] image INFO 缩略图片成功
2018-07-02 23:25:47,468 myimage.py [line:141] image INFO 缩略图片成功
2018-07-02 23:25:47,476 myimage.py [line:141] image INFO 缩略图片成功
2018-07-02 23:25:47,496 myimage.py [line:141] image INFO 缩略图片成功
2018-07-02 23:25:47,510 myimage.py [line:141] image INFO 缩略图片成功
2018-07-02 23:25:47,546 myimage.py [line:141] image INFO 缩略图片成功
2018-07-02 23:25:47,553 myimage.py [line:141] image INFO 缩略图片成功
2018-07-02 23:25:47,574 myimage.py [line:141] image INFO 缩略图片成功
2018-07-02 23:25:47,616 myimage.py [line:141] image INFO 缩略图片成功
2018-07-03 22:57:38,080 myimage.py [line:84] image INFO 图片信息获取成功
2018-07-03 22:57:52,536 myimage.py [line:84] image INFO 图片信息获取成功
2018-07-03 22:57:52,679 myimage.py [line:96] image INFO 图片信息导出成功，在db文件下
2018-07-03 23:03:15,593 main.py [line:45] main WARNING 发生了错误
2018-07-03 23:04:11,613 main.py [line:45] main WARNING 发生了错误:
2018-07-03 23:36:43,366 myimage.py [line:84] image INFO 图片信息获取成功
2018-07-03 23:36:43,366 myimage.py [line:96] image INFO 图片信息导出成功，在db文件下
2018-07-03 23:54:10,052 myimage.py [line:129] image INFO 文件裁剪成功
2018-07-03 23:55:04,361 myimage.py [line:145] image INFO 缩略图片成功
2018-07-03 23:55:38,723 myimage.py [line:145] image INFO 缩略图片成功
2018-07-03 23:55:38,754 myimage.py [line:145] image INFO 缩略图片成功
2018-07-03 23:55:38,769 myimage.py [line:145] image INFO 缩略图片成功
2018-07-03 23:55:38,816 myimage.py [line:145] image INFO 缩略图片成功
2018-07-03 23:55:38,832 myimage.py [line:145] image INFO 缩略图片成功
2018-07-03 23:55:38,848 myimage.py [line:145] image INFO 缩略图片成功
2018-07-03 23:55:38,863 myimage.py [line:145] image INFO 缩略图片成功
2018-07-03 23:55:38,894 myimage.py [line:145] image INFO 缩略图片成功
2018-07-03 23:55:38,894 myimage.py [line:145] image INFO 缩略图片成功
2018-07-03 23:55:38,941 myimage.py [line:145] image INFO 缩略图片成功
2018-07-03 23:55:39,019 myimage.py [line:145] image INFO 缩略图片成功
2018-07-03 23:56:26,979 main.py [line:45] main WARNING 发生了错误:
2018-07-03 23:57:11,521 main.py [line:45] main WARNING 发生了错误:
2018-07-03 23:57:16,021 main.py [line:45] main WARNING 发生了错误:
2018-07-03 23:57:26,639 main.py [line:45] main WARNING 发生了错误:
2018-07-03 23:57:34,149 main.py [line:45] main WARNING 发生了错误:
2018-07-03 23:58:30,595 myimage.py [line:166] image INFO 图片重置大小成功
2018-07-03 23:59:08,372 myimage.py [line:166] image INFO 图片重置大小成功
2018-07-03 23:59:08,387 myimage.py [line:166] image INFO 图片重置大小成功
2018-07-03 23:59:08,387 myimage.py [line:166] image INFO 图片重置大小成功
2018-07-03 23:59:08,403 myimage.py [line:166] image INFO 图片重置大小成功
2018-07-03 23:59:08,419 myimage.py [line:166] image INFO 图片重置大小成功
2018-07-03 23:59:08,419 myimage.py [line:166] image INFO 图片重置大小成功
2018-07-03 23:59:08,434 myimage.py [line:166] image INFO 图片重置大小成功
2018-07-03 23:59:08,450 myimage.py [line:166] image INFO 图片重置大小成功
2018-07-03 23:59:08,450 myimage.py [line:166] image INFO 图片重置大小成功
2018-07-03 23:59:08,466 myimage.py [line:166] image INFO 图片重置大小成功
2018-07-03 23:59:08,481 myimage.py [line:166] image INFO 图片重置大小成功
2018-07-03 23:59:08,481 myimage.py [line:178] image INFO 所有图片重置大小成功
2018-07-04 00:00:05,235 myimage.py [line:84] image INFO 图片信息获取成功
2018-07-04 00:00:05,244 myimage.py [line:96] image INFO 图片信息导出成功，在db文件下
2018-07-04 00:00:13,802 myimage.py [line:113] image INFO 图片成功，在db下查看
2018-07-04 00:00:24,867 myimage.py [line:129] image INFO 文件裁剪成功
2018-07-04 00:00:39,627 myimage.py [line:145] image INFO 缩略图片成功
2018-07-04 00:00:49,093 myimage.py [line:145] image INFO 缩略图片成功
2018-07-04 00:00:49,125 myimage.py [line:145] image INFO 缩略图片成功
2018-07-04 00:00:49,140 myimage.py [line:145] image INFO 缩略图片成功
2018-07-04 00:00:49,171 myimage.py [line:145] image INFO 缩略图片成功
2018-07-04 00:00:49,171 myimage.py [line:145] image INFO 缩略图片成功
2018-07-04 00:00:49,203 myimage.py [line:145] image INFO 缩略图片成功
2018-07-04 00:00:49,203 myimage.py [line:145] image INFO 缩略图片成功
2018-07-04 00:00:49,245 myimage.py [line:145] image INFO 缩略图片成功
2018-07-04 00:00:49,245 myimage.py [line:145] image INFO 缩略图片成功
2018-07-04 00:00:49,276 myimage.py [line:145] image INFO 缩略图片成功
2018-07-04 00:00:49,307 myimage.py [line:145] image INFO 缩略图片成功
2018-07-04 00:00:54,574 myimage.py [line:166] image INFO 图片重置大小成功
2018-07-04 00:01:00,429 myimage.py [line:166] image INFO 图片重置大小成功
2018-07-04 00:01:00,444 myimage.py [line:166] image INFO 图片重置大小成功
2018-07-04 00:01:00,444 myimage.py [line:166] image INFO 图片重置大小成功
2018-07-04 00:01:00,460 myimage.py [line:166] image INFO 图片重置大小成功
2018-07-04 00:01:00,476 myimage.py [line:166] image INFO 图片重置大小成功
2018-07-04 00:01:00,476 myimage.py [line:166] image INFO 图片重置大小成功
2018-07-04 00:01:00,491 myimage.py [line:166] image INFO 图片重置大小成功
2018-07-04 00:01:00,507 myimage.py [line:166] image INFO 图片重置大小成功
2018-07-04 00:01:00,507 myimage.py [line:166] image INFO 图片重置大小成功
2018-07-04 00:01:00,523 myimage.py [line:166] image INFO 图片重置大小成功
2018-07-04 00:01:00,538 myimage.py [line:166] image INFO 图片重置大小成功
2018-07-04 00:01:00,538 myimage.py [line:178] image INFO 所有图片重置大小成功
